<?xml version="1.0" encoding="UTF-8"?>
<!-- Generated by org.testng.reporters.JUnitReportReporter -->
<testsuite skipped="0" hostname="idea-PC" name="com.flipkart.test.somke.Realme2Black3GB3GBTest" tests="1" failures="0" timestamp="11 Dec 2018 15:04:45 GMT" time="32.265" errors="0">
  <testcase name="test4SearchRealme2" time="32.265" classname="com.flipkart.test.somke.Realme2Black3GB3GBTest"/>
</testsuite> <!-- com.flipkart.test.somke.Realme2Black3GB3GBTest -->
