<?xml version="1.0" encoding="UTF-8"?>
<!-- Generated by org.testng.reporters.JUnitReportReporter -->
<testsuite skipped="0" hostname="idea-PC" name="com.flipkart.test.somke.LoginPageSmokeTest" tests="3" failures="0" timestamp="11 Dec 2018 15:04:45 GMT" time="85.227" errors="0">
  <testcase name="test2InvalidLogin" time="32.841" classname="com.flipkart.test.somke.LoginPageSmokeTest"/>
  <testcase name="test3ValidLogin" time="27.101" classname="com.flipkart.test.somke.LoginPageSmokeTest"/>
  <testcase name="test1LoginPageTitle" time="25.285" classname="com.flipkart.test.somke.LoginPageSmokeTest"/>
</testsuite> <!-- com.flipkart.test.somke.LoginPageSmokeTest -->
