<?xml version="1.0" encoding="UTF-8"?>
<!-- Generated by org.testng.reporters.JUnitReportReporter -->
<testsuite skipped="0" hostname="idea-PC" name="com.flipkart.test.somke.LoginPageSmokeTest" tests="3" failures="0" timestamp="07 Dec 2018 18:22:40 GMT" time="133.131" errors="0">
  <testcase name="test2InvalidLogin" time="58.713" classname="com.flipkart.test.somke.LoginPageSmokeTest"/>
  <testcase name="test3ValidLogin" time="38.365" classname="com.flipkart.test.somke.LoginPageSmokeTest"/>
  <testcase name="test1LoginPageTitle" time="36.053" classname="com.flipkart.test.somke.LoginPageSmokeTest"/>
</testsuite> <!-- com.flipkart.test.somke.LoginPageSmokeTest -->
